2014-03-21 10:27:57 Error: Array
(
    [Subset] => Array
        (
            [title] => FAL Cream RNG
            [task_id] => 2
        )

    [Product] => Array
        (
            [Product] => Array
                (
                    [0] => 17
                    [1] => 18
                    [2] => 19
                    [3] => 22
                )

        )

)

2014-03-21 10:27:57 Error: After sort.........
2014-03-21 10:27:57 Error: Array
(
    [Subset] => Array
        (
            [title] => FAL Cream RNG
            [task_id] => 2
        )

    [Product] => Array
        (
            [Product] => Array
                (
                    [0] => 17
                    [1] => 18
                    [2] => 19
                    [3] => 22
                )

        )

)

2014-03-21 10:27:57 Error: Array
(
    [Subset] => Array
        (
            [title] => FAL Cream RNG
            [task_id] => 2
            [active_sku_code] => 403
        )

    [Product] => Array
        (
            [Product] => Array
                (
                    [0] => 17
                    [1] => 18
                    [2] => 19
                    [3] => 22
                )

        )

)

